<?xml version="1.0" encoding="utf-8"?><testsuite errors="0" failures="0" name="pytest" skips="0" tests="10" time="1.342"><testcase classname="nextgenmusic.tests" file="nextgenmusic\tests.py" line="4" name="test_simple" time="0.0020303726196289062"></testcase><testcase classname="nextgenmusic.tests.test_views.TestViews" file="nextgenmusic\tests\test_views.py" line="9" name="test_index_anonymoususer" time="0.5352616310119629"></testcase><testcase classname="nextgenmusic.tests.test_views.TestViews" file="nextgenmusic\tests\test_views.py" line="16" name="test_index_logeduser" time="0.003988981246948242"></testcase><testcase classname="nextgenmusic.tests.test_views.TestViews" file="nextgenmusic\tests\test_views.py" line="23" name="test_joinus_anonymoususer" time="0.0030303001403808594"></testcase><testcase classname="nextgenmusic.tests.test_views.TestViews" file="nextgenmusic\tests\test_views.py" line="30" name="test_joinus_logeduser" time="0.0020341873168945312"></testcase><testcase classname="nextgenmusic.tests.test_views.TestViews" file="nextgenmusic\tests\test_views.py" line="37" name="test_signup_anonymoususer_no_data" time="0.0029947757720947266"></testcase><testcase classname="nextgenmusic.tests.test_views.TestViews" file="nextgenmusic\tests\test_views.py" line="44" name="test_signup_anonymoususer_with_data" time="0.23242926597595215"></testcase><testcase classname="nextgenmusic.tests.test_views.TestViews" file="nextgenmusic\tests\test_views.py" line="53" name="test_signup_logeduser" time="0.0009968280792236328"></testcase><testcase classname="nextgenmusic.tests.test_views.TestViews" file="nextgenmusic\tests\test_views.py" line="60" name="test_viewsongs_authenticated" time="0.014920711517333984"><system-out>Pobieram piosenki!
</system-out></testcase><testcase classname="nextgenmusic.tests.test_views.TestViews" file="nextgenmusic\tests\test_views.py" line="69" name="test_viewsongs_unauthenticated" time="0.01096034049987793"><system-out>Pobieram piosenki!
</system-out></testcase></testsuite>